{
  "stats": {
    "suites": 1,
    "tests": 1,
    "passes": 1,
    "pending": 0,
    "failures": 0,
    "start": "2025-03-31T06:33:53.328Z",
    "end": "2025-03-31T06:34:00.228Z",
    "duration": 6900,
    "testsRegistered": 1,
    "passPercent": 100,
    "pendingPercent": 0,
    "other": 0,
    "hasOther": false,
    "skipped": 0,
    "hasSkipped": false
  },
  "results": [
    {
      "uuid": "8dacdbf3-4444-4822-8436-ac51cb16a9fb",
      "title": "",
      "fullFile": "cypress/e2e/login.cy.js",
      "file": "cypress/e2e/login.cy.js",
      "beforeHooks": [],
      "afterHooks": [],
      "tests": [],
      "suites": [
        {
          "uuid": "a68e52b1-dbc5-4657-be03-02683a903866",
          "title": "Login",
          "fullFile": "",
          "file": "",
          "beforeHooks": [],
          "afterHooks": [],
          "tests": [
            {
              "title": "should login successfully",
              "fullTitle": "Login should login successfully",
              "timedOut": null,
              "duration": 4856,
              "state": "passed",
              "speed": "fast",
              "pass": true,
              "fail": false,
              "pending": false,
              "context": null,
              "code": "_LoginPage.default.visit();\n_LoginPage.default.enterUsername(\"Admin\");\n_LoginPage.default.enterPassword(\"admin123\");\n_LoginPage.default.clickLogin();\n_LoginPage.default.verifyLogin();",
              "err": {},
              "uuid": "f3bb2850-d569-4d2f-8c7c-2f8ba7871056",
              "parentUUID": "a68e52b1-dbc5-4657-be03-02683a903866",
              "isHook": false,
              "skipped": false
            }
          ],
          "suites": [],
          "passes": [
            "f3bb2850-d569-4d2f-8c7c-2f8ba7871056"
          ],
          "failures": [],
          "pending": [],
          "skipped": [],
          "duration": 4856,
          "root": false,
          "rootEmpty": false,
          "_timeout": 2000
        }
      ],
      "passes": [],
      "failures": [],
      "pending": [],
      "skipped": [],
      "duration": 0,
      "root": true,
      "rootEmpty": true,
      "_timeout": 2000
    }
  ],
  "meta": {
    "mocha": {
      "version": "7.0.1"
    },
    "mochawesome": {
      "options": {
        "quiet": false,
        "reportFilename": "mochawesome",
        "saveHtml": false,
        "saveJson": true,
        "consoleReporter": "spec",
        "useInlineDiffs": false,
        "code": true
      },
      "version": "7.1.3"
    },
    "marge": {
      "options": {
        "reportDir": "cypress/reports",
        "overwrite": false,
        "html": false,
        "json": true
      },
      "version": "6.2.0"
    }
  }
}